<?xml version="1.0" encoding="UTF-8"?>
<!-- Generated by org.testng.reporters.JUnitReportReporter -->
<testsuite hostname="LAPTOP-PU8VKKP8" failures="0" tests="1" name="rahulshettyacademy.Reports.ExtentReportDemo" time="3.174" errors="0" timestamp="2022-08-18T10:31:42 IST" skipped="0">
  <testcase classname="rahulshettyacademy.Reports.ExtentReportDemo" name="initialDemo" time="3.174"/>
  <system-out/>
</testsuite> <!-- rahulshettyacademy.Reports.ExtentReportDemo -->
